c:\users\s171669\documents\github\aie-datastructures\temp\data structure game\debug\vc140.pdb
c:\users\s171669\documents\github\aie-datastructures\temp\data structure game\debug\vc140.idb
c:\users\s171669\documents\github\aie-datastructures\temp\data structure game\debug\aieproject2d1app.obj
c:\users\s171669\documents\github\aie-datastructures\temp\data structure game\debug\basicenemyunit.obj
c:\users\s171669\documents\github\aie-datastructures\temp\data structure game\debug\factory.obj
c:\users\s171669\documents\github\aie-datastructures\temp\data structure game\debug\gamestatemanagmeant.obj
c:\users\s171669\documents\github\aie-datastructures\temp\data structure game\debug\gamestates.obj
c:\users\s171669\documents\github\aie-datastructures\temp\data structure game\debug\main.obj
c:\users\s171669\documents\github\aie-datastructures\temp\data structure game\debug\objectpool.obj
c:\users\s171669\documents\github\aie-datastructures\temp\data structure game\debug\playerunit.obj
c:\users\s171669\documents\github\aie-datastructures\temp\data structure game\debug\spawner.obj
c:\users\s171669\documents\github\aie-datastructures\temp\data structure game\debug\unit.obj
c:\users\s171669\documents\github\aie-datastructures\temp\data structure game\debug\data structure game.ilk
c:\users\s171669\documents\github\aie-datastructures\temp\data structure game\debug\data structure game.exe
c:\users\s171669\documents\github\aie-datastructures\temp\data structure game\debug\data structure game.pdb
c:\users\s171669\documents\github\aie-datastructures\temp\data structure game\debug\data str.dea49362.tlog\cl.command.1.tlog
c:\users\s171669\documents\github\aie-datastructures\temp\data structure game\debug\data str.dea49362.tlog\cl.read.1.tlog
c:\users\s171669\documents\github\aie-datastructures\temp\data structure game\debug\data str.dea49362.tlog\cl.write.1.tlog
c:\users\s171669\documents\github\aie-datastructures\temp\data structure game\debug\data str.dea49362.tlog\link.command.1.tlog
c:\users\s171669\documents\github\aie-datastructures\temp\data structure game\debug\data str.dea49362.tlog\link.read.1.tlog
c:\users\s171669\documents\github\aie-datastructures\temp\data structure game\debug\data str.dea49362.tlog\link.write.1.tlog
